d:\eigene dateien\hska\1. semester\projektarbeit\lwar\lwar\x64\debug\vc140.pdb
d:\eigene dateien\hska\1. semester\projektarbeit\lwar\lwar\x64\debug\vc140.idb
d:\eigene dateien\hska\1. semester\projektarbeit\lwar\lwar\x64\debug\marker.obj
d:\eigene dateien\hska\1. semester\projektarbeit\lwar\lwar\x64\debug\stdafx.obj
d:\eigene dateien\hska\1. semester\projektarbeit\lwar\lwar\x64\debug\camera.obj
d:\eigene dateien\hska\1. semester\projektarbeit\lwar\lwar\x64\debug\window.obj
d:\eigene dateien\hska\1. semester\projektarbeit\lwar\lwar\x64\debug\material.obj
d:\eigene dateien\hska\1. semester\projektarbeit\lwar\lwar\x64\debug\object3d.obj
d:\eigene dateien\hska\1. semester\projektarbeit\lwar\lwar\x64\debug\openglrenderer.obj
d:\eigene dateien\hska\1. semester\projektarbeit\lwar\lwar\x64\debug\lwar.pdb
d:\eigene dateien\hska\1. semester\projektarbeit\lwar\lwar\build\x64\debug\lwar.lib
d:\eigene dateien\hska\1. semester\projektarbeit\lwar\lwar\x64\debug\lwar.idb
d:\eigene dateien\hska\1. semester\projektarbeit\lwar\lwar\build\x64\debug\lwar.pdb
d:\eigene dateien\hska\1. semester\projektarbeit\lwar\lwar\x64\debug\lwar.tlog\cl.command.1.tlog
d:\eigene dateien\hska\1. semester\projektarbeit\lwar\lwar\x64\debug\lwar.tlog\cl.read.1.tlog
d:\eigene dateien\hska\1. semester\projektarbeit\lwar\lwar\x64\debug\lwar.tlog\cl.write.1.tlog
d:\eigene dateien\hska\1. semester\projektarbeit\lwar\lwar\x64\debug\lwar.tlog\lib-link.read.1.tlog
d:\eigene dateien\hska\1. semester\projektarbeit\lwar\lwar\x64\debug\lwar.tlog\lib-link.write.1.tlog
d:\eigene dateien\hska\1. semester\projektarbeit\lwar\lwar\x64\debug\lwar.tlog\lib.command.1.tlog
d:\eigene dateien\hska\1. semester\projektarbeit\lwar\lwar\x64\debug\lwar.tlog\link-cvtres.read.1.tlog
d:\eigene dateien\hska\1. semester\projektarbeit\lwar\lwar\x64\debug\lwar.tlog\link-cvtres.write.1.tlog
d:\eigene dateien\hska\1. semester\projektarbeit\lwar\lwar\x64\debug\lwar.tlog\link-rc.read.1.tlog
d:\eigene dateien\hska\1. semester\projektarbeit\lwar\lwar\x64\debug\lwar.tlog\link-rc.write.1.tlog
d:\eigene dateien\hska\1. semester\projektarbeit\lwar\lwar\x64\debug\lwar.tlog\link.command.1.tlog
d:\eigene dateien\hska\1. semester\projektarbeit\lwar\lwar\x64\debug\lwar.tlog\link.read.1.tlog
d:\eigene dateien\hska\1. semester\projektarbeit\lwar\lwar\x64\debug\lwar.tlog\link.write.1.tlog
